Build started 18/5/2016 8:46:41 a. m..
     1>Project "C:\Users\Raul\Documents\Graficas\EfectodeOla\PlantillaOpenGL01\PlantillaOpenGL01.vcxproj" on node 2 (Build target(s)).
     1>ClCompile:
         C:\Program Files (x86)\Microsoft Visual Studio 11.0\VC\bin\CL.exe /c /IC:\dev\opengl\freeglut\include /I"C:\dev\opengl\glew-1.7.0\include" /ZI /nologo /W3 /WX- /Od /Oy- /D WIN32 /D _DEBUG /D _CONSOLE /D _MBCS /Gm /EHsc /RTC1 /MDd /GS /fp:precise /Zc:wchar_t /Zc:forScope /Fo"Debug\\" /Fd"Debug\vc110.pdb" /Gd /TP /analyze- /errorReport:prompt mainNurbsProyecto_base01.cpp
         mainNurbsProyecto_base01.cpp
     1>c:\users\raul\documents\graficas\efectodeola\plantillaopengl01\mainnurbsproyecto_base01.cpp(35): warning C4305: 'argumento' : truncamiento de 'double' a 'GLfloat'
     1>c:\users\raul\documents\graficas\efectodeola\plantillaopengl01\mainnurbsproyecto_base01.cpp(35): warning C4244: 'argumento' : conversión de 'int' a 'GLfloat'; posible pérdida de datos
     1>c:\users\raul\documents\graficas\efectodeola\plantillaopengl01\mainnurbsproyecto_base01.cpp(36): warning C4305: 'argumento' : truncamiento de 'double' a 'GLfloat'
     1>c:\users\raul\documents\graficas\efectodeola\plantillaopengl01\mainnurbsproyecto_base01.cpp(36): warning C4244: 'argumento' : conversión de 'int' a 'GLfloat'; posible pérdida de datos
     1>c:\users\raul\documents\graficas\efectodeola\plantillaopengl01\mainnurbsproyecto_base01.cpp(38): warning C4244: 'argumento' : conversión de 'int' a 'GLfloat'; posible pérdida de datos
     1>c:\users\raul\documents\graficas\efectodeola\plantillaopengl01\mainnurbsproyecto_base01.cpp(38): warning C4305: 'argumento' : truncamiento de 'double' a 'GLfloat'
     1>c:\users\raul\documents\graficas\efectodeola\plantillaopengl01\mainnurbsproyecto_base01.cpp(39): warning C4244: 'argumento' : conversión de 'int' a 'GLfloat'; posible pérdida de datos
     1>c:\users\raul\documents\graficas\efectodeola\plantillaopengl01\mainnurbsproyecto_base01.cpp(39): warning C4305: 'argumento' : truncamiento de 'double' a 'GLfloat'
     1>c:\users\raul\documents\graficas\efectodeola\plantillaopengl01\mainnurbsproyecto_base01.cpp(41): warning C4305: 'argumento' : truncamiento de 'double' a 'GLfloat'
     1>c:\users\raul\documents\graficas\efectodeola\plantillaopengl01\mainnurbsproyecto_base01.cpp(41): warning C4244: 'argumento' : conversión de 'int' a 'GLfloat'; posible pérdida de datos
     1>c:\users\raul\documents\graficas\efectodeola\plantillaopengl01\mainnurbsproyecto_base01.cpp(42): warning C4305: 'argumento' : truncamiento de 'double' a 'GLfloat'
     1>c:\users\raul\documents\graficas\efectodeola\plantillaopengl01\mainnurbsproyecto_base01.cpp(42): warning C4244: 'argumento' : conversión de 'int' a 'GLfloat'; posible pérdida de datos
     1>c:\users\raul\documents\graficas\efectodeola\plantillaopengl01\mainnurbsproyecto_base01.cpp(44): warning C4244: 'argumento' : conversión de 'int' a 'GLfloat'; posible pérdida de datos
     1>c:\users\raul\documents\graficas\efectodeola\plantillaopengl01\mainnurbsproyecto_base01.cpp(44): warning C4305: 'argumento' : truncamiento de 'double' a 'GLfloat'
     1>c:\users\raul\documents\graficas\efectodeola\plantillaopengl01\mainnurbsproyecto_base01.cpp(45): warning C4244: 'argumento' : conversión de 'int' a 'GLfloat'; posible pérdida de datos
     1>c:\users\raul\documents\graficas\efectodeola\plantillaopengl01\mainnurbsproyecto_base01.cpp(45): warning C4305: 'argumento' : truncamiento de 'double' a 'GLfloat'
     1>c:\users\raul\documents\graficas\efectodeola\plantillaopengl01\mainnurbsproyecto_base01.cpp(58): warning C4101: 'aspectratio' : variable local sin referencia
     1>c:\users\raul\documents\graficas\efectodeola\plantillaopengl01\mainnurbsproyecto_base01.cpp(126): warning C4305: 'inicializando' : truncamiento de 'double' a 'GLfloat'
     1>c:\users\raul\documents\graficas\efectodeola\plantillaopengl01\mainnurbsproyecto_base01.cpp(127): warning C4305: 'inicializando' : truncamiento de 'double' a 'GLfloat'
     1>c:\users\raul\documents\graficas\efectodeola\plantillaopengl01\mainnurbsproyecto_base01.cpp(135): warning C4305: 'inicializando' : truncamiento de 'double' a 'GLfloat'
     1>c:\users\raul\documents\graficas\efectodeola\plantillaopengl01\mainnurbsproyecto_base01.cpp(136): warning C4305: 'inicializando' : truncamiento de 'double' a 'GLfloat'
     1>c:\users\raul\documents\graficas\efectodeola\plantillaopengl01\mainnurbsproyecto_base01.cpp(137): warning C4305: 'inicializando' : truncamiento de 'double' a 'GLfloat'
     1>c:\users\raul\documents\graficas\efectodeola\plantillaopengl01\mainnurbsproyecto_base01.cpp(152): warning C4305: 'argumento' : truncamiento de 'double' a 'GLfloat'
     1>c:\users\raul\documents\graficas\efectodeola\plantillaopengl01\mainnurbsproyecto_base01.cpp(155): warning C4244: '=' : conversión de 'double' a 'int'; posible pérdida de datos
     1>c:\users\raul\documents\graficas\efectodeola\plantillaopengl01\mainnurbsproyecto_base01.cpp(157): warning C4244: '=' : conversión de 'double' a 'GLfloat'; posible pérdida de datos
     1>c:\users\raul\documents\graficas\efectodeola\plantillaopengl01\mainnurbsproyecto_base01.cpp(162): warning C4244: '=' : conversión de 'double' a 'int'; posible pérdida de datos
     1>c:\users\raul\documents\graficas\efectodeola\plantillaopengl01\mainnurbsproyecto_base01.cpp(164): warning C4244: '=' : conversión de 'double' a 'GLfloat'; posible pérdida de datos
       Link:
         C:\Program Files (x86)\Microsoft Visual Studio 11.0\VC\bin\link.exe /ERRORREPORT:PROMPT /OUT:"C:\Users\Raul\Documents\Graficas\EfectodeOla\Debug\EfectodeOla.exe" /INCREMENTAL /NOLOGO /LIBPATH:"C:\Program Files (x86)\Windows Kits\8.1\Lib\winv6.3\um\x86" /LIBPATH:C:\dev\opengl\freeglut\lib /LIBPATH:"C:\dev\opengl\glew-1.7.0\lib" glew32.lib freeglut.lib kernel32.lib user32.lib gdi32.lib winspool.lib comdlg32.lib advapi32.lib shell32.lib ole32.lib oleaut32.lib uuid.lib odbc32.lib odbccp32.lib /MANIFEST /MANIFESTUAC:"level='asInvoker' uiAccess='false'" /manifest:embed /DEBUG /PDB:"C:\Users\Raul\Documents\Graficas\EfectodeOla\Debug\EfectodeOla.pdb" /SUBSYSTEM:CONSOLE /TLBID:1 /DYNAMICBASE /NXCOMPAT /IMPLIB:"C:\Users\Raul\Documents\Graficas\EfectodeOla\Debug\EfectodeOla.lib" /MACHINE:X86 Debug\mainNurbsProyecto_base01.obj
         PlantillaOpenGL01.vcxproj -> C:\Users\Raul\Documents\Graficas\EfectodeOla\Debug\EfectodeOla.exe
     1>Done Building Project "C:\Users\Raul\Documents\Graficas\EfectodeOla\PlantillaOpenGL01\PlantillaOpenGL01.vcxproj" (Build target(s)).

Build succeeded.

Time Elapsed 00:00:02.87
